<?xml version="1.0" encoding="UTF-8" ?>
<testsuites name="vitest tests" tests="22" failures="0" errors="0" time="1.94">
    <testsuite name="src/components/Expandable/Expandable.test.tsx" timestamp="2025-05-30T18:07:07.837Z" hostname="pkrvmf6wy0o8zjz" tests="22" failures="0" errors="0" skipped="0" time="0.30745263">
        <testcase classname="src/components/Expandable/Expandable.test.tsx" name="Expandable Component &gt; Basic tests &gt; should render collapsed by default and expand when clicked" time="0.036338737">
        </testcase>
        <testcase classname="src/components/Expandable/Expandable.test.tsx" name="Expandable Component &gt; Basic tests &gt; should render expanded by default if startExpanded is true" time="0.003652219">
        </testcase>
        <testcase classname="src/components/Expandable/Expandable.test.tsx" name="Expandable Component &gt; Basic tests &gt; should collapse when clicked after being expanded" time="0.005444978">
        </testcase>
        <testcase classname="src/components/Expandable/Expandable.test.tsx" name="Expandable Component &gt; Basic tests &gt; should handle empty prompts gracefully" time="0.004692151">
        </testcase>
        <testcase classname="src/components/Expandable/Expandable.test.tsx" name="Expandable Component &gt; Basic tests &gt; should handle null prompts gracefully" time="0.004521914">
        </testcase>
        <testcase classname="src/components/Expandable/Expandable.test.tsx" name="Expandable Component &gt; Basic tests &gt; should handle undefined prompts gracefully" time="0.004687313">
        </testcase>
        <testcase classname="src/components/Expandable/Expandable.test.tsx" name="Expandable Component &gt; Basic tests &gt; should perform well with large content when expanding/collapsing" time="0.004469095">
        </testcase>
        <testcase classname="src/components/Expandable/Expandable.test.tsx" name="Expandable Component &gt; Basic tests &gt; should update when startExpanded prop is changed dynamically" time="0.004295191">
        </testcase>
        <testcase classname="src/components/Expandable/Expandable.test.tsx" name="Expandable Component &gt; Basic tests &gt; should maintain visual consistency between expanded and collapsed states" time="0.015081402">
        </testcase>
        <testcase classname="src/components/Expandable/Expandable.test.tsx" name="Expandable Component &gt; Basic tests &gt; should respond correctly to different screen sizes" time="0.003633044">
        </testcase>
        <testcase classname="src/components/Expandable/Expandable.test.tsx" name="Expandable Component &gt; Storybook Stories &gt; should render the &quot;PreExpanded&quot; story correctly" time="0.057772149">
        </testcase>
        <testcase classname="src/components/Expandable/Expandable.test.tsx" name="Expandable Component &gt; Storybook Stories &gt; should render custom expand and collapse prompts in the &quot;CustomExpandCollapsePrompt&quot; story" time="0.017199557">
        </testcase>
        <testcase classname="src/components/Expandable/Expandable.test.tsx" name="Expandable Component &gt; Storybook Stories &gt; should render the &quot;Default&quot; story collapsed by default" time="0.00628163">
        </testcase>
        <testcase classname="src/components/Expandable/Expandable.test.tsx" name="Expandable Component &gt; Storybook Stories &gt; should expand the &quot;Default&quot; story content when clicked" time="0.013512181">
        </testcase>
        <testcase classname="src/components/Expandable/Expandable.test.tsx" name="Expandable Component &gt; Storybook Stories &gt; should allow independent toggling of nested Expandable components" time="0.063308898">
        </testcase>
        <testcase classname="src/components/Expandable/Expandable.test.tsx" name="Expandable Component &gt; Accessibility Tests &gt; should render with initial collapsed state" time="0.005926136">
        </testcase>
        <testcase classname="src/components/Expandable/Expandable.test.tsx" name="Expandable Component &gt; Accessibility Tests &gt; should expand and focus on content when clicked" time="0.006871912">
        </testcase>
        <testcase classname="src/components/Expandable/Expandable.test.tsx" name="Expandable Component &gt; Accessibility Tests &gt; should collapse and move focus back to the button" time="0.005651413">
        </testcase>
        <testcase classname="src/components/Expandable/Expandable.test.tsx" name="Expandable Component &gt; Accessibility Tests &gt; should start expanded if startExpanded is true" time="0.00546799">
        </testcase>
        <testcase classname="src/components/Expandable/Expandable.test.tsx" name="Expandable Component &gt; Accessibility Tests &gt; When Expandables are nested &gt; should set aria-expanded correctly for parent and child independently" time="0.005526721">
        </testcase>
        <testcase classname="src/components/Expandable/Expandable.test.tsx" name="Expandable Component &gt; Accessibility Tests &gt; When Expandables are nested &gt; should manage focus correctly between parent and child expandables" time="0.014683268">
        </testcase>
        <testcase classname="src/components/Expandable/Expandable.test.tsx" name="Expandable Component &gt; Accessibility Tests &gt; When Expandables are nested &gt; should be keyboard navigable for both parent and child" time="0.016020933">
        </testcase>
    </testsuite>
</testsuites>
