<?xml version="1.0" encoding="UTF-8" ?>
<testsuites name="vitest tests" tests="22" failures="0" errors="0" time="2.004">
    <testsuite name="src/components/Expandable/Expandable.test.tsx" timestamp="2025-06-12T17:53:14.911Z" hostname="pkrvmxyh4eaekms" tests="22" failures="0" errors="0" skipped="0" time="0.300245928">
        <testcase classname="src/components/Expandable/Expandable.test.tsx" name="Expandable Component &gt; Basic tests &gt; should render collapsed by default and expand when clicked" time="0.041782161">
        </testcase>
        <testcase classname="src/components/Expandable/Expandable.test.tsx" name="Expandable Component &gt; Basic tests &gt; should render expanded by default if startExpanded is true" time="0.00375509">
        </testcase>
        <testcase classname="src/components/Expandable/Expandable.test.tsx" name="Expandable Component &gt; Basic tests &gt; should collapse when clicked after being expanded" time="0.005573354">
        </testcase>
        <testcase classname="src/components/Expandable/Expandable.test.tsx" name="Expandable Component &gt; Basic tests &gt; should handle empty prompts gracefully" time="0.00491713">
        </testcase>
        <testcase classname="src/components/Expandable/Expandable.test.tsx" name="Expandable Component &gt; Basic tests &gt; should handle null prompts gracefully" time="0.005900806">
        </testcase>
        <testcase classname="src/components/Expandable/Expandable.test.tsx" name="Expandable Component &gt; Basic tests &gt; should handle undefined prompts gracefully" time="0.005368362">
        </testcase>
        <testcase classname="src/components/Expandable/Expandable.test.tsx" name="Expandable Component &gt; Basic tests &gt; should perform well with large content when expanding/collapsing" time="0.005354436">
        </testcase>
        <testcase classname="src/components/Expandable/Expandable.test.tsx" name="Expandable Component &gt; Basic tests &gt; should update when startExpanded prop is changed dynamically" time="0.004269922">
        </testcase>
        <testcase classname="src/components/Expandable/Expandable.test.tsx" name="Expandable Component &gt; Basic tests &gt; should maintain visual consistency between expanded and collapsed states" time="0.01279204">
        </testcase>
        <testcase classname="src/components/Expandable/Expandable.test.tsx" name="Expandable Component &gt; Basic tests &gt; should respond correctly to different screen sizes" time="0.002974583">
        </testcase>
        <testcase classname="src/components/Expandable/Expandable.test.tsx" name="Expandable Component &gt; Storybook Stories &gt; should render the &quot;PreExpanded&quot; story correctly" time="0.048681863">
        </testcase>
        <testcase classname="src/components/Expandable/Expandable.test.tsx" name="Expandable Component &gt; Storybook Stories &gt; should render custom expand and collapse prompts in the &quot;CustomExpandCollapsePrompt&quot; story" time="0.020326353">
        </testcase>
        <testcase classname="src/components/Expandable/Expandable.test.tsx" name="Expandable Component &gt; Storybook Stories &gt; should render the &quot;Default&quot; story collapsed by default" time="0.006400318">
        </testcase>
        <testcase classname="src/components/Expandable/Expandable.test.tsx" name="Expandable Component &gt; Storybook Stories &gt; should expand the &quot;Default&quot; story content when clicked" time="0.011874417">
        </testcase>
        <testcase classname="src/components/Expandable/Expandable.test.tsx" name="Expandable Component &gt; Storybook Stories &gt; should allow independent toggling of nested Expandable components" time="0.0630907">
        </testcase>
        <testcase classname="src/components/Expandable/Expandable.test.tsx" name="Expandable Component &gt; Accessibility Tests &gt; should render with initial collapsed state" time="0.006222145">
        </testcase>
        <testcase classname="src/components/Expandable/Expandable.test.tsx" name="Expandable Component &gt; Accessibility Tests &gt; should expand and focus on content when clicked" time="0.006515924">
        </testcase>
        <testcase classname="src/components/Expandable/Expandable.test.tsx" name="Expandable Component &gt; Accessibility Tests &gt; should collapse and move focus back to the button" time="0.007779243">
        </testcase>
        <testcase classname="src/components/Expandable/Expandable.test.tsx" name="Expandable Component &gt; Accessibility Tests &gt; should start expanded if startExpanded is true" time="0.004602311">
        </testcase>
        <testcase classname="src/components/Expandable/Expandable.test.tsx" name="Expandable Component &gt; Accessibility Tests &gt; When Expandables are nested &gt; should set aria-expanded correctly for parent and child independently" time="0.005948284">
        </testcase>
        <testcase classname="src/components/Expandable/Expandable.test.tsx" name="Expandable Component &gt; Accessibility Tests &gt; When Expandables are nested &gt; should manage focus correctly between parent and child expandables" time="0.012413955">
        </testcase>
        <testcase classname="src/components/Expandable/Expandable.test.tsx" name="Expandable Component &gt; Accessibility Tests &gt; When Expandables are nested &gt; should be keyboard navigable for both parent and child" time="0.011240895">
        </testcase>
    </testsuite>
</testsuites>
